[0.017s] Invoking command in '/home/telecom/ros2_pant_ec_ws/build/pant_position_controller': CMAKE_PREFIX_PATH=${CMAKE_PREFIX_PATH}:/opt/ros/humble /usr/bin/cmake --build /home/telecom/ros2_pant_ec_ws/build/pant_position_controller -- -j20 -l20
[0.049s] [ 50%] [32mBuilding CXX object CMakeFiles/pant_position_controller.dir/src/pant_position_controller.cpp.o[0m
[1.385s] [01m[K/home/telecom/ros2_pant_ec_ws/src/pant_controllers/pant_position_controller/src/pant_position_controller.cpp:[m[K In lambda function:
[1.385s] [01m[K/home/telecom/ros2_pant_ec_ws/src/pant_controllers/pant_position_controller/src/pant_position_controller.cpp:84:43:[m[K [01;31m[Kerror: [m[Kâ€˜[01m[Krt_deired_angles_ptr_[m[Kâ€™ was not declared in this scope; did you mean â€˜[01m[Krt_desired_angles_ptr_[m[Kâ€™?
[1.386s]    84 |     [this](const CmdType::SharedPtr msg) {[01;31m[Krt_deired_angles_ptr_[m[K.writeFromNonRT(msg);});
[1.386s]       |                                           [01;31m[K^~~~~~~~~~~~~~~~~~~~~[m[K
[1.386s]       |                                           [32m[Krt_desired_angles_ptr_[m[K
[1.388s] In file included from [01m[K/opt/ros/humble/include/rclcpp/rclcpp/logging.hpp:24[m[K,
[1.389s]                  from [01m[K/opt/ros/humble/include/rclcpp/rclcpp/client.hpp:40[m[K,
[1.389s]                  from [01m[K/opt/ros/humble/include/rclcpp/rclcpp/callback_group.hpp:24[m[K,
[1.389s]                  from [01m[K/opt/ros/humble/include/rclcpp/rclcpp/any_executable.hpp:20[m[K,
[1.389s]                  from [01m[K/opt/ros/humble/include/rclcpp/rclcpp/memory_strategy.hpp:25[m[K,
[1.389s]                  from [01m[K/opt/ros/humble/include/rclcpp/rclcpp/memory_strategies.hpp:18[m[K,
[1.389s]                  from [01m[K/opt/ros/humble/include/rclcpp/rclcpp/executor_options.hpp:20[m[K,
[1.389s]                  from [01m[K/opt/ros/humble/include/rclcpp/rclcpp/executor.hpp:37[m[K,
[1.389s]                  from [01m[K/opt/ros/humble/include/rclcpp/rclcpp/executors/multi_threaded_executor.hpp:25[m[K,
[1.389s]                  from [01m[K/opt/ros/humble/include/rclcpp/rclcpp/executors.hpp:21[m[K,
[1.389s]                  from [01m[K/opt/ros/humble/include/rclcpp/rclcpp/rclcpp.hpp:155[m[K,
[1.389s]                  from [01m[K/opt/ros/humble/include/controller_interface/controller_interface_base.hpp:28[m[K,
[1.389s]                  from [01m[K/opt/ros/humble/include/controller_interface/controller_interface.hpp:22[m[K,
[1.389s]                  from [01m[K/home/telecom/ros2_pant_ec_ws/src/pant_controllers/pant_position_controller/include/pant_position_controller/pant_position_controller.hpp:25[m[K,
[1.389s]                  from [01m[K/home/telecom/ros2_pant_ec_ws/src/pant_controllers/pant_position_controller/src/pant_position_controller.cpp:15[m[K:
[1.389s] [01m[K/home/telecom/ros2_pant_ec_ws/src/pant_controllers/pant_position_controller/src/pant_position_controller.cpp:[m[K In member function â€˜[01m[Kvirtual pant_position_controller::CallbackReturn pant_position_controller::PantPositionController::on_activate(const rclcpp_lifecycle::State&)[m[Kâ€™:
[1.389s] [01m[K/home/telecom/ros2_pant_ec_ws/src/pant_controllers/pant_position_controller/src/pant_position_controller.cpp:169:33:[m[K [01;35m[Kwarning: [m[Kformat â€˜[01m[K%p[m[Kâ€™ expects argument of type â€˜[01m[Kvoid*[m[Kâ€™, but argument 5 has type â€˜[01m[Kconst string[m[Kâ€™ {aka â€˜[01m[Kconst std::__cxx11::basic_string<char>[m[Kâ€™} [[01;35m[K]8;;https://gcc.gnu.org/onlinedocs/gcc/Warning-Options.html#index-Wformat=-Wformat=]8;;[m[K]
[1.389s]   169 |       get_node()->get_logger(), [01;35m[K"Interface: %p"[m[K, [32m[Kcommand_interfaces_[i].get_name()[m[K);
[1.390s]       |                                 [01;35m[K^~~~~~~~~~~~~~~[m[K  [32m[K~~~~~~~~~~~~~~~~~~~~~~~~~~~~~~~~~[m[K
[1.390s]       |                                                                                 [32m[K|[m[K
[1.390s]       |                                                                                 [32m[Kconst string {aka const std::__cxx11::basic_string<char>}[m[K
[1.390s] [01m[K/home/telecom/ros2_pant_ec_ws/src/pant_controllers/pant_position_controller/src/pant_position_controller.cpp:169:46:[m[K [01;36m[Knote: [m[Kformat string is defined here
[1.390s]   169 |       get_node()->get_logger(), "Interface: [01;36m[K%p[m[K", command_interfaces_[i].get_name());
[1.390s]       |                                             [01;36m[K~^[m[K
[1.390s]       |                                              [01;36m[K|[m[K
[1.390s]       |                                              [01;36m[Kvoid*[m[K
[1.392s] [01m[K/home/telecom/ros2_pant_ec_ws/src/pant_controllers/pant_position_controller/src/pant_position_controller.cpp:[m[K In member function â€˜[01m[Kvirtual controller_interface::return_type pant_position_controller::PantPositionController::update(const rclcpp::Time&, const rclcpp::Duration&)[m[Kâ€™:
[1.392s] [01m[K/home/telecom/ros2_pant_ec_ws/src/pant_controllers/pant_position_controller/src/pant_position_controller.cpp:227:25:[m[K [01;31m[Kerror: [m[Kâ€˜[01m[Krt_desired_angles_ptr[m[Kâ€™ was not declared in this scope; did you mean â€˜[01m[Krt_desired_angles_ptr_[m[Kâ€™?
[1.392s]   227 |   auto desired_angles = [01;31m[Krt_desired_angles_ptr[m[K.readFromRT();
[1.392s]       |                         [01;31m[K^~~~~~~~~~~~~~~~~~~~~[m[K
[1.392s]       |                         [32m[Krt_desired_angles_ptr_[m[K
[1.392s] [01m[K/home/telecom/ros2_pant_ec_ws/src/pant_controllers/pant_position_controller/src/pant_position_controller.cpp:257:18:[m[K [01;31m[Kerror: [m[Kâ€˜[01m[Kstruct std_msgs::msg::Float64MultiArray_<std::allocator<void> >[m[Kâ€™ has no member named â€˜[01m[Kpush_back[m[Kâ€™
[1.392s]   257 |   angles_message.[01;31m[Kpush_back[m[K(phi);
[1.392s]       |                  [01;31m[K^~~~~~~~~[m[K
[1.392s] [01m[K/home/telecom/ros2_pant_ec_ws/src/pant_controllers/pant_position_controller/src/pant_position_controller.cpp:258:18:[m[K [01;31m[Kerror: [m[Kâ€˜[01m[Kstruct std_msgs::msg::Float64MultiArray_<std::allocator<void> >[m[Kâ€™ has no member named â€˜[01m[Kpush_back[m[Kâ€™
[1.393s]   258 |   angles_message.[01;31m[Kpush_back[m[K(theta);
[1.393s]       |                  [01;31m[K^~~~~~~~~[m[K
[1.393s] [01m[K/home/telecom/ros2_pant_ec_ws/src/pant_controllers/pant_position_controller/src/pant_position_controller.cpp:259:52:[m[K [01;31m[Kerror: [m[Kexpected â€˜[01m[K;[m[Kâ€™ before â€˜[01m[Kcommand_interfaces_[m[Kâ€™
[1.393s]   259 |   actual_angles_publisher_->publish(angles_message)
[1.393s]       |                                                    [01;31m[K^[m[K
[1.393s]       |                                                    [32m[K;[m[K
[1.393s] ......
[1.393s]   266 |   [32m[Kcommand_interfaces_[m[K[0].set_value(q1);
[1.393s]       |   [32m[K~~~~~~~~~~~~~~~~~~~[m[K                               
[1.393s] [01m[K/home/telecom/ros2_pant_ec_ws/src/pant_controllers/pant_position_controller/src/pant_position_controller.cpp:203:28:[m[K [01;35m[Kwarning: [m[Kunused parameter â€˜[01m[Kperiod[m[Kâ€™ [[01;35m[K]8;;https://gcc.gnu.org/onlinedocs/gcc/Warning-Options.html#index-Wunused-parameter-Wunused-parameter]8;;[m[K]
[1.393s]   203 |   [01;35m[Kconst rclcpp::Duration & period[m[K)
[1.393s]       |   [01;35m[K~~~~~~~~~~~~~~~~~~~~~~~~~^~~~~~[m[K
[2.731s] gmake[2]: *** [CMakeFiles/pant_position_controller.dir/build.make:76: CMakeFiles/pant_position_controller.dir/src/pant_position_controller.cpp.o] Error 1
[2.731s] gmake[1]: *** [CMakeFiles/Makefile2:137: CMakeFiles/pant_position_controller.dir/all] Error 2
[2.731s] gmake: *** [Makefile:146: all] Error 2
[2.733s] Invoked command in '/home/telecom/ros2_pant_ec_ws/build/pant_position_controller' returned '2': CMAKE_PREFIX_PATH=${CMAKE_PREFIX_PATH}:/opt/ros/humble /usr/bin/cmake --build /home/telecom/ros2_pant_ec_ws/build/pant_position_controller -- -j20 -l20
