[0.017s] Invoking command in '/home/telecom/ros2_pant_ec_ws/build/pant_position_controller': CMAKE_PREFIX_PATH=${CMAKE_PREFIX_PATH}:/opt/ros/humble /usr/bin/cmake --build /home/telecom/ros2_pant_ec_ws/build/pant_position_controller -- -j20 -l20
[0.041s] [35m[1mConsolidate compiler generated dependencies of target pant_position_controller[0m
[0.054s] [ 50%] [32mBuilding CXX object CMakeFiles/pant_position_controller.dir/src/pant_position_controller.cpp.o[0m
[1.388s] [01m[K/home/telecom/ros2_pant_ec_ws/src/pant_controllers/pant_position_controller/src/pant_position_controller.cpp:41:3:[m[K [01;31m[Kerror: [m[Kexpected unqualified-id before â€˜[01m[Kprivate[m[Kâ€™
[1.388s]    41 |   [01;31m[Kprivate[m[K:
[1.388s]       |   [01;31m[K^~~~~~~[m[K
[1.394s] [01m[K/home/telecom/ros2_pant_ec_ws/src/pant_controllers/pant_position_controller/src/pant_position_controller.cpp:[m[K In member function â€˜[01m[Kvirtual pant_position_controller::CallbackReturn pant_position_controller::PantPositionController::on_configure(const rclcpp_lifecycle::State&)[m[Kâ€™:
[1.394s] [01m[K/home/telecom/ros2_pant_ec_ws/src/pant_controllers/pant_position_controller/src/pant_position_controller.cpp:62:3:[m[K [01;31m[Kerror: [m[Kâ€˜[01m[Kelapsed_time_[m[Kâ€™ was not declared in this scope
[1.394s]    62 |   [01;31m[Kelapsed_time_[m[K = rclcpp::Duration(0,0);
[1.394s]       |   [01;31m[K^~~~~~~~~~~~~[m[K
[1.401s] In file included from [01m[K/opt/ros/humble/include/rclcpp/rclcpp/logging.hpp:24[m[K,
[1.401s]                  from [01m[K/opt/ros/humble/include/rclcpp/rclcpp/client.hpp:40[m[K,
[1.401s]                  from [01m[K/opt/ros/humble/include/rclcpp/rclcpp/callback_group.hpp:24[m[K,
[1.401s]                  from [01m[K/opt/ros/humble/include/rclcpp/rclcpp/any_executable.hpp:20[m[K,
[1.401s]                  from [01m[K/opt/ros/humble/include/rclcpp/rclcpp/memory_strategy.hpp:25[m[K,
[1.401s]                  from [01m[K/opt/ros/humble/include/rclcpp/rclcpp/memory_strategies.hpp:18[m[K,
[1.401s]                  from [01m[K/opt/ros/humble/include/rclcpp/rclcpp/executor_options.hpp:20[m[K,
[1.401s]                  from [01m[K/opt/ros/humble/include/rclcpp/rclcpp/executor.hpp:37[m[K,
[1.401s]                  from [01m[K/opt/ros/humble/include/rclcpp/rclcpp/executors/multi_threaded_executor.hpp:25[m[K,
[1.401s]                  from [01m[K/opt/ros/humble/include/rclcpp/rclcpp/executors.hpp:21[m[K,
[1.401s]                  from [01m[K/opt/ros/humble/include/rclcpp/rclcpp/rclcpp.hpp:155[m[K,
[1.401s]                  from [01m[K/opt/ros/humble/include/controller_interface/controller_interface_base.hpp:28[m[K,
[1.401s]                  from [01m[K/opt/ros/humble/include/controller_interface/controller_interface.hpp:22[m[K,
[1.401s]                  from [01m[K/home/telecom/ros2_pant_ec_ws/src/pant_controllers/pant_position_controller/include/pant_position_controller/pant_position_controller.hpp:25[m[K,
[1.401s]                  from [01m[K/home/telecom/ros2_pant_ec_ws/src/pant_controllers/pant_position_controller/src/pant_position_controller.cpp:15[m[K:
[1.401s] [01m[K/home/telecom/ros2_pant_ec_ws/src/pant_controllers/pant_position_controller/src/pant_position_controller.cpp:[m[K In member function â€˜[01m[Kvirtual pant_position_controller::CallbackReturn pant_position_controller::PantPositionController::on_activate(const rclcpp_lifecycle::State&)[m[Kâ€™:
[1.401s] [01m[K/home/telecom/ros2_pant_ec_ws/src/pant_controllers/pant_position_controller/src/pant_position_controller.cpp:172:33:[m[K [01;35m[Kwarning: [m[Kformat â€˜[01m[K%p[m[Kâ€™ expects argument of type â€˜[01m[Kvoid*[m[Kâ€™, but argument 5 has type â€˜[01m[Kconst string[m[Kâ€™ {aka â€˜[01m[Kconst std::__cxx11::basic_string<char>[m[Kâ€™} [[01;35m[K]8;;https://gcc.gnu.org/onlinedocs/gcc/Warning-Options.html#index-Wformat=-Wformat=]8;;[m[K]
[1.402s]   172 |       get_node()->get_logger(), [01;35m[K"Interface: %p"[m[K, [32m[Kcommand_interfaces_[i].get_name()[m[K);
[1.402s]       |                                 [01;35m[K^~~~~~~~~~~~~~~[m[K  [32m[K~~~~~~~~~~~~~~~~~~~~~~~~~~~~~~~~~[m[K
[1.402s]       |                                                                                 [32m[K|[m[K
[1.402s]       |                                                                                 [32m[Kconst string {aka const std::__cxx11::basic_string<char>}[m[K
[1.402s] [01m[K/home/telecom/ros2_pant_ec_ws/src/pant_controllers/pant_position_controller/src/pant_position_controller.cpp:172:46:[m[K [01;36m[Knote: [m[Kformat string is defined here
[1.402s]   172 |       get_node()->get_logger(), "Interface: [01;36m[K%p[m[K", command_interfaces_[i].get_name());
[1.402s]       |                                             [01;36m[K~^[m[K
[1.402s]       |                                              [01;36m[K|[m[K
[1.402s]       |                                              [01;36m[Kvoid*[m[K
[1.405s] [01m[K/home/telecom/ros2_pant_ec_ws/src/pant_controllers/pant_position_controller/src/pant_position_controller.cpp:[m[K In member function â€˜[01m[Kvirtual controller_interface::return_type pant_position_controller::PantPositionController::update(const rclcpp::Time&, const rclcpp::Duration&)[m[Kâ€™:
[1.405s] [01m[K/home/telecom/ros2_pant_ec_ws/src/pant_controllers/pant_position_controller/src/pant_position_controller.cpp:208:3:[m[K [01;31m[Kerror: [m[Kâ€˜[01m[Kelapsed_time_[m[Kâ€™ was not declared in this scope
[1.405s]   208 |   [01;31m[Kelapsed_time_[m[K += period;
[1.405s]       |   [01;31m[K^~~~~~~~~~~~~[m[K
[1.406s] [01m[K/home/telecom/ros2_pant_ec_ws/src/pant_controllers/pant_position_controller/src/pant_position_controller.cpp:231:8:[m[K [01;35m[Kwarning: [m[Kunused variable â€˜[01m[Kdesired_angles[m[Kâ€™ [[01;35m[K]8;;https://gcc.gnu.org/onlinedocs/gcc/Warning-Options.html#index-Wunused-variable-Wunused-variable]8;;[m[K]
[1.406s]   231 |   auto [01;35m[Kdesired_angles[m[K = rt_desired_angles_ptr_.readFromRT();
[1.406s]       |        [01;35m[K^~~~~~~~~~~~~~[m[K
[1.406s] [01m[K/home/telecom/ros2_pant_ec_ws/src/pant_controllers/pant_position_controller/src/pant_position_controller.cpp:233:10:[m[K [01;35m[Kwarning: [m[Kunused variable â€˜[01m[Kq1_prev[m[Kâ€™ [[01;35m[K]8;;https://gcc.gnu.org/onlinedocs/gcc/Warning-Options.html#index-Wunused-variable-Wunused-variable]8;;[m[K]
[1.406s]   233 |   double [01;35m[Kq1_prev[m[K = q1;
[1.406s]       |          [01;35m[K^~~~~~~[m[K
[1.406s] [01m[K/home/telecom/ros2_pant_ec_ws/src/pant_controllers/pant_position_controller/src/pant_position_controller.cpp:234:10:[m[K [01;35m[Kwarning: [m[Kunused variable â€˜[01m[Kq2_prev[m[Kâ€™ [[01;35m[K]8;;https://gcc.gnu.org/onlinedocs/gcc/Warning-Options.html#index-Wunused-variable-Wunused-variable]8;;[m[K]
[1.406s]   234 |   double [01;35m[Kq2_prev[m[K = q2;
[1.406s]       |          [01;35m[K^~~~~~~[m[K
[2.768s] gmake[2]: *** [CMakeFiles/pant_position_controller.dir/build.make:76: CMakeFiles/pant_position_controller.dir/src/pant_position_controller.cpp.o] Error 1
[2.768s] gmake[1]: *** [CMakeFiles/Makefile2:137: CMakeFiles/pant_position_controller.dir/all] Error 2
[2.768s] gmake: *** [Makefile:146: all] Error 2
[2.770s] Invoked command in '/home/telecom/ros2_pant_ec_ws/build/pant_position_controller' returned '2': CMAKE_PREFIX_PATH=${CMAKE_PREFIX_PATH}:/opt/ros/humble /usr/bin/cmake --build /home/telecom/ros2_pant_ec_ws/build/pant_position_controller -- -j20 -l20
