[35m[1mConsolidate compiler generated dependencies of target pant_position_controller[0m
[ 50%] [32mBuilding CXX object CMakeFiles/pant_position_controller.dir/src/pant_position_controller.cpp.o[0m
In file included from [01m[K/home/telecom/ros2_pant_ec_ws/src/pant_controllers/pant_position_controller/src/pant_position_controller.cpp:15[m[K:
[01m[K/home/telecom/ros2_pant_ec_ws/src/pant_controllers/pant_position_controller/include/pant_position_controller/pant_position_controller.hpp:90:46:[m[K [01;31m[Kerror: [m[Kexpected identifier before numeric constant
   90 |   std::complex<double> P1, P5, P2, P3, P4, C([01;31m[K42.5[m[K, 160.56);
      |                                              [01;31m[K^~~~[m[K
[01m[K/home/telecom/ros2_pant_ec_ws/src/pant_controllers/pant_position_controller/include/pant_position_controller/pant_position_controller.hpp:90:46:[m[K [01;31m[Kerror: [m[Kexpected â€˜[01m[K,[m[Kâ€™ or â€˜[01m[K...[m[Kâ€™ before numeric constant
In file included from [01m[K/opt/ros/humble/include/rclcpp/rclcpp/logging.hpp:24[m[K,
                 from [01m[K/opt/ros/humble/include/rclcpp/rclcpp/client.hpp:40[m[K,
                 from [01m[K/opt/ros/humble/include/rclcpp/rclcpp/callback_group.hpp:24[m[K,
                 from [01m[K/opt/ros/humble/include/rclcpp/rclcpp/any_executable.hpp:20[m[K,
                 from [01m[K/opt/ros/humble/include/rclcpp/rclcpp/memory_strategy.hpp:25[m[K,
                 from [01m[K/opt/ros/humble/include/rclcpp/rclcpp/memory_strategies.hpp:18[m[K,
                 from [01m[K/opt/ros/humble/include/rclcpp/rclcpp/executor_options.hpp:20[m[K,
                 from [01m[K/opt/ros/humble/include/rclcpp/rclcpp/executor.hpp:37[m[K,
                 from [01m[K/opt/ros/humble/include/rclcpp/rclcpp/executors/multi_threaded_executor.hpp:25[m[K,
                 from [01m[K/opt/ros/humble/include/rclcpp/rclcpp/executors.hpp:21[m[K,
                 from [01m[K/opt/ros/humble/include/rclcpp/rclcpp/rclcpp.hpp:155[m[K,
                 from [01m[K/opt/ros/humble/include/controller_interface/controller_interface_base.hpp:28[m[K,
                 from [01m[K/opt/ros/humble/include/controller_interface/controller_interface.hpp:22[m[K,
                 from [01m[K/home/telecom/ros2_pant_ec_ws/src/pant_controllers/pant_position_controller/include/pant_position_controller/pant_position_controller.hpp:25[m[K,
                 from [01m[K/home/telecom/ros2_pant_ec_ws/src/pant_controllers/pant_position_controller/src/pant_position_controller.cpp:15[m[K:
[01m[K/home/telecom/ros2_pant_ec_ws/src/pant_controllers/pant_position_controller/src/pant_position_controller.cpp:[m[K In member function â€˜[01m[Kvirtual pant_position_controller::CallbackReturn pant_position_controller::PantPositionController::on_activate(const rclcpp_lifecycle::State&)[m[Kâ€™:
[01m[K/home/telecom/ros2_pant_ec_ws/src/pant_controllers/pant_position_controller/src/pant_position_controller.cpp:165:33:[m[K [01;35m[Kwarning: [m[Kformat â€˜[01m[K%p[m[Kâ€™ expects argument of type â€˜[01m[Kvoid*[m[Kâ€™, but argument 5 has type â€˜[01m[Kconst string[m[Kâ€™ {aka â€˜[01m[Kconst std::__cxx11::basic_string<char>[m[Kâ€™} [[01;35m[K]8;;https://gcc.gnu.org/onlinedocs/gcc/Warning-Options.html#index-Wformat=-Wformat=]8;;[m[K]
  165 |       get_node()->get_logger(), [01;35m[K"Interface: %p"[m[K, [32m[Kcommand_interfaces_[i].get_name()[m[K);
      |                                 [01;35m[K^~~~~~~~~~~~~~~[m[K  [32m[K~~~~~~~~~~~~~~~~~~~~~~~~~~~~~~~~~[m[K
      |                                                                                 [32m[K|[m[K
      |                                                                                 [32m[Kconst string {aka const std::__cxx11::basic_string<char>}[m[K
[01m[K/home/telecom/ros2_pant_ec_ws/src/pant_controllers/pant_position_controller/src/pant_position_controller.cpp:165:46:[m[K [01;36m[Knote: [m[Kformat string is defined here
  165 |       get_node()->get_logger(), "Interface: [01;36m[K%p[m[K", command_interfaces_[i].get_name());
      |                                             [01;36m[K~^[m[K
      |                                              [01;36m[K|[m[K
      |                                              [01;36m[Kvoid*[m[K
[01m[K/home/telecom/ros2_pant_ec_ws/src/pant_controllers/pant_position_controller/src/pant_position_controller.cpp:[m[K In member function â€˜[01m[Kvirtual controller_interface::return_type pant_position_controller::PantPositionController::update(const rclcpp::Time&, const rclcpp::Duration&)[m[Kâ€™:
[01m[K/home/telecom/ros2_pant_ec_ws/src/pant_controllers/pant_position_controller/src/pant_position_controller.cpp:265:26:[m[K [01;31m[Kerror: [m[Kinvalid use of non-static member function â€˜[01m[Kstd::complex<double> pant_position_controller::PantPositionController::C(int)[m[Kâ€™
  265 |   double r = std::norm([01;31m[KP3-C[m[K)
      |                        [01;31m[K~~^~[m[K
In file included from [01m[K/home/telecom/ros2_pant_ec_ws/src/pant_controllers/pant_position_controller/src/pant_position_controller.cpp:15[m[K:
[01m[K/home/telecom/ros2_pant_ec_ws/src/pant_controllers/pant_position_controller/include/pant_position_controller/pant_position_controller.hpp:90:44:[m[K [01;36m[Knote: [m[Kdeclared here
   90 |   std::complex<double> P1, P5, P2, P3, P4, [01;36m[KC[m[K(42.5, 160.56);
      |                                            [01;36m[K^[m[K
[01m[K/home/telecom/ros2_pant_ec_ws/src/pant_controllers/pant_position_controller/src/pant_position_controller.cpp:267:26:[m[K [01;31m[Kerror: [m[Kinvalid use of non-static member function â€˜[01m[Kstd::complex<double> pant_position_controller::PantPositionController::C(int)[m[Kâ€™
  267 |   theta = std::atan2( ([01;31m[KP3-C[m[K).imag()/r, (P3-C).real()/r)
      |                        [01;31m[K~~^~[m[K
In file included from [01m[K/home/telecom/ros2_pant_ec_ws/src/pant_controllers/pant_position_controller/src/pant_position_controller.cpp:15[m[K:
[01m[K/home/telecom/ros2_pant_ec_ws/src/pant_controllers/pant_position_controller/include/pant_position_controller/pant_position_controller.hpp:90:44:[m[K [01;36m[Knote: [m[Kdeclared here
   90 |   std::complex<double> P1, P5, P2, P3, P4, [01;36m[KC[m[K(42.5, 160.56);
      |                                            [01;36m[K^[m[K
[01m[K/home/telecom/ros2_pant_ec_ws/src/pant_controllers/pant_position_controller/src/pant_position_controller.cpp:267:43:[m[K [01;31m[Kerror: [m[Kinvalid use of non-static member function â€˜[01m[Kstd::complex<double> pant_position_controller::PantPositionController::C(int)[m[Kâ€™
  267 |   theta = std::atan2( (P3-C).imag()/r, ([01;31m[KP3-C[m[K).real()/r)
      |                                         [01;31m[K~~^~[m[K
In file included from [01m[K/home/telecom/ros2_pant_ec_ws/src/pant_controllers/pant_position_controller/src/pant_position_controller.cpp:15[m[K:
[01m[K/home/telecom/ros2_pant_ec_ws/src/pant_controllers/pant_position_controller/include/pant_position_controller/pant_position_controller.hpp:90:44:[m[K [01;36m[Knote: [m[Kdeclared here
   90 |   std::complex<double> P1, P5, P2, P3, P4, [01;36m[KC[m[K(42.5, 160.56);
      |                                            [01;36m[K^[m[K
[01m[K/home/telecom/ros2_pant_ec_ws/src/pant_controllers/pant_position_controller/src/pant_position_controller.cpp:199:28:[m[K [01;35m[Kwarning: [m[Kunused parameter â€˜[01m[Kperiod[m[Kâ€™ [[01;35m[K]8;;https://gcc.gnu.org/onlinedocs/gcc/Warning-Options.html#index-Wunused-parameter-Wunused-parameter]8;;[m[K]
  199 |   [01;35m[Kconst rclcpp::Duration & period[m[K)
      |   [01;35m[K~~~~~~~~~~~~~~~~~~~~~~~~~^~~~~~[m[K
gmake[2]: *** [CMakeFiles/pant_position_controller.dir/build.make:76: CMakeFiles/pant_position_controller.dir/src/pant_position_controller.cpp.o] Error 1
gmake[1]: *** [CMakeFiles/Makefile2:137: CMakeFiles/pant_position_controller.dir/all] Error 2
gmake: *** [Makefile:146: all] Error 2
